<?xml version="1.0" encoding="UTF-8"?>
<!-- Generated by org.testng.reporters.JUnitXMLReporter -->
<testsuite ignored="2" hostname="MBP-0230s.local" failures="0" tests="7" name="Group 3" time="181.354" errors="0" timestamp="2023-02-06T15:20:08 ICT">
  <testcase classname="tests.signin.InvalidSigninTest" name="testInvalidEmail" time="36.989"/>
  <testcase classname="tests.signin.InvalidSigninTest" name="testInvalidEmail" time="16.471"/>
  <testcase classname="tests.signin.InvalidSigninTest" name="testInvalidEmail" time="18.238"/>
  <testcase classname="tests.signin.InvalidSigninTest" name="testInvalidPassword" time="24.265"/>
  <testcase classname="tests.signin.InvalidSigninTest" name="testInvalidPassword" time="23.917"/>
  <testcase classname="tests.signin.InvalidSigninTest" name="testInvalidPassword" time="23.502"/>
  <testcase classname="tests.signin.ValidSigninTest" name="testValidSignin" time="37.306"/>
  <testcase classname="tests.BaseTest" name="@BeforeTest initBrowserSession" time="0.0">
    <ignored/>
  </testcase> <!-- @BeforeTest initBrowserSession -->
  <testcase classname="tests.BaseTest" name="@AfterTest closeBrowserSession" time="0.0">
    <ignored/>
  </testcase> <!-- @AfterTest closeBrowserSession -->
</testsuite> <!-- Group 3 -->
